[settings]
Rev|1
ModHosts|0
[/settings]
[self]
[/self]
[files_critical]
system/Interface.u|da51d81226e0aef7774e412fb552bff1|2606429
system/interface.xdat|743b7bd8458342429ea4eb6074ebb841|604110
system/l2.ini|56216cda3e61a844444cda7e9c390c17|3376
system/l2.exe|b32d5837482696286d7f67661a63418b|503808
system/AntiBypass.dll|9025552f36e877e30735bcc524f935d7|159744
system/AutoLogin.dll|8a5a6608bf6be2f41fe15414ea0e8294|1012224
systextures/iconfox-v3.utx|888a20c9bd33725f29d9e6e0495e99f7|9441239
[/files_critical]
[files_normal]
animations/AgaFox.ukx|74c4b2827905b59a7384ade6f2840b1b|4748693
animations/AgaGhostly.ukx|1c175eccb7fc923da1e3fe22055b7fc6|4017818
animations/AgaGhostlyBlack.ukx|bffe85fe54a9ef608926863f6c91f9ae|2269648
animations/amden_orc_shaman.ukx|cce9813ea842c76c628072874187e951|5696875
animations/Avengers_DarkElf_03.ukx|a69f669df6989a21f65135afffb7859c|10224071
animations/Avengers_Drop_03.ukx|fbee968ccb12623c506c45283f03e5a3|1156994
animations/Avengers_Dwarf_03.ukx|1f077a3034283d81b60b67737107da2a|3824116
animations/Avengers_Elf_03.ukx|fcb29edc53ee7c67240891a1bd237bba|10485243
animations/Avengers_Fighter_03.ukx|07654b5258c66841bd8657d6889eaf87|7623720
animations/Avengers_Magic_03.ukx|52667b5fc7a54616201ad3fb03ef35fe|3327533
animations/Avengers_Orc_03.ukx|895b52caab97b984f170112d1ce814d1|8170201
animations/Avengers_Shaman_03.ukx|edcc4dfc65684b925a8740da75a28d1e|3422714
animations/BlackAgaGhostly.ukx|bffe85fe54a9ef608926863f6c91f9ae|2269648
animations/BranchR3.ukx|40aaa3aac4667f3f16416aba26ef0e27|30451506
animations/BranchR4.ukx|3cbf532bb92e93022c652923fc370c78|11494816
animations/ByRaccoon.ukx|7be8538c0680174b45e658f0e6a3a049|1865730
animations/by_respect_angel_ring_m000_a.ukx|774734a85f3e57e1e2adbf8f29c953a3|511064
animations/by_respect_Br_afro_f_hair_m004_a.ukx|56d69403818395daadc3b1eb2235bfd7|252260
animations/by_respect_Br_afro_m_hair_m004_a.ukx|5675908dc8365a45898204bbaca35d49|278692
animations/by_respect_Br_Bamboo_Hat_m003_a.ukx|46855f723bf754c0ce65108214939f5a|140666
animations/by_respect_br_bigrat_cap_m003.ukx|94b179fea1bbd72c716cb26bb1ab8dfd|350806
animations/by_respect_br_black_gem_mask_m001_a.ukx|7e13ad9532e11030e4ac6b925bf8a0ee|381886
animations/by_respect_br_napoleonic_cap_m003_a.ukx|52064c17012252b51f92570c49950602|245218
animations/by_respect_br_noblesse_oblige_of_vesper_m001_a.ukx|f20e5e15d08b502f9e76450da1958a95|195252
animations/by_respect_br_tiger_cap_m003_a.ukx|8a33cc882f5d7d39d382361f813c7d94|235628
animations/by_respect_Br_Uniform_Hat_m003_a.ukx|1a1c1999c64a719bf07a205c93b5b89f|256320
animations/by_respect_Event_magicial_cap_m003_a.ukx|f0ffe0c8324eef0cba0ed7a0db932e51|244224
animations/by_respect_explorer_hat_m003_a.ukx|9058386d341e9e7eb22c0543576608d4|114934
animations/by_respect_freya_hair_accessary_m003_a.ukx|4b41824f57570f52b9c76550b77f7c88|263572
animations/by_respect_frintessa_hair_accessory_m003_a.ukx|c4f75a5c67cfe7e1fc0ff9dd9efc65fd|284516
animations/by_respect_frog_cap_m003_a.ukx|637600691d5b235a55262bbf6faf3778|154204
animations/by_respect_graduation_cap_m003_a.ukx|d25325584ac1150854d0c2e124a02cb2|120072
animations/by_respect_king_of_cat_cap_m003_a.ukx|adad4ca9b2454b0b5df047750a0b0258|298194
animations/cartola_fdarkelf_by_SHEV.ukx|84684dd35f89e800eb922b3275e334c4|9743
animations/cartola_fdwarf_by_SHEV.ukx|7f4d8269c92420ba96baf2f06d096d1e|9741
animations/cartola_felf_by_SHEV.ukx|65aa99ca5f92856888626f7fc5353edb|9739
animations/cartola_ffighter_by_SHEV.ukx|73156d21d6eb4f2735dcf4ef04c2bbd2|9743
animations/cartola_fmagic_by_SHEV.ukx|93f8e743ad6c1a5fc76fd633c1850bda|10381
animations/cartola_forc_by_SHEV.ukx|4583e3f3a3aaf91fe8bdee3d2e216f65|10539
animations/cartola_fshaman_by_SHEV.ukx|377136c88822e9bc720332cc1590f5a0|10446
animations/cartola_mdarkelf_by_SHEV.ukx|371055e34ddc7859e18e40db427289e1|10447
animations/cartola_mdwarf_by_SHEV.ukx|a5b27bdcd93835573a2172bad98bac82|10541
animations/cartola_melf_by_SHEV.ukx|2129797f6cda313d56513b4acd0afc9b|9739
animations/cartola_mfighter_by_SHEV.ukx|8712b3aafa2c5f040bd70a6768a91a35|9743
animations/cartola_mmagic_by_SHEV.ukx|650d6871ef97c5be8500a659f82cccc2|10477
animations/cartola_morc_by_SHEV.ukx|52c6cd3ed146d4b26625cdeb9360fdaf|10347
animations/cartola_mshaman_by_SHEV.ukx|cdd9a3ab881329f0b59b1c7f80a17518|10350
animations/costume_m_euro__com.ukx|ad6b0e49a60f4d4a55a988fb7c30d9fd|70851500
animations/Ct1DropItems.ukx|e679c3e48d9856fa3a73f8a3e944b11e|14718846
animations/Ct1LineageAccessory.ukx|15e409c09e2fbe3e2ca92108425c87f9|25192955
animations/Ct1LineageWeapons.ukx|85ffe4487a12ad7ec97c89d00584deab|9977046
animations/CustomAccessory.ukx|26814ba52689926cad8eaccc42060600|12105829
animations/Cyxapuk_santa_claus.ukx|ee8e71afabdbc884c8190f3aad9c19a0|4137702
animations/Cyxapuk_santa_girl.ukx|6097f53f26997f0dfe1f97acfb6c6c2b|2812443
animations/Darkelf-v.ukx|da56cdac3bd6e524923375046ac0af9b|2185897
animations/Dj_Japulis2.ukx|2ea2dc566cf05f09a9d8e34d480a100f|15772168
animations/DropItems-v.ukx|ede358b7b1b10db455023ee6af16883e|492205
animations/drop_Horn_hat.ukx|efd63e8bc3bf556c6e7a85d6c16eb9f9|19545
animations/Dwarf-v.ukx|90efb42cecffbbcc079d6ff5f688b18f|924897
animations/Elf-v.ukx|6d5fa8e6f1e5f1471bee65c91e261229|2542697
animations/EventHat.ukx|141f0695fd8ba42202634e27c9d31aba|8385215
animations/FDarkElf_br_Bill_Hat_m003_a.ukx|04a45849df519d461179966e1ce109b4|17178
animations/FDarkElf_Helmet_m001.ukx|3e657e39ba1343b6ef4ac14a702bfee8|20407
animations/FDarkElf_Hood_m001.ukx|e12ee35a2a71f2715734b3a425976cfa|48653
animations/FDwarf_br_Bill_Hat_m003_a.ukx|d83d62742ca75b04330515d6d205190e|17176
animations/FDwarf_Helmet_m001.ukx|e6fea2d599e87360b45f7d2ec425532e|23877
animations/FDwarf_Hood_m001.ukx|2f56d9f78c9ffa9c5c01014a93b600bc|30301
animations/FElf_br_Bill_Hat_m003_a.ukx|f2f844edfd5f904c5f826b987a52cb7c|17174
animations/FElf_Helmet_m001.ukx|ce6a3968ccc2ee4d68a7a98c1ef0f503|22843
animations/FElf_Hood_m001.ukx|67cc58346a2b5997183b235aa861be9e|28619
animations/FFighter_br_Bill_Hat_m003_a.ukx|ecf03b8a6377f96b14f0ecbcd49b02d6|17178
animations/Ffighter_Helmet_m001.ukx|6d81f83419fe31d9b7cf8fb2171af9ac|19855
animations/FFighter_Hood_m001.ukx|0d4500d42b022a4cf259758549bb959b|28917
animations/Fighter-v.ukx|a318a97ec9dd2e19cba191dbbb23fc7b|1795518
animations/FKamael_br_Bill_Hat_m003_a.ukx|d4563d377a238c0e94c737df35a87be4|17177
animations/FKamael_Helmet_m001.ukx|3c3beeb223790ed30a808149a9c80cba|19966
animations/FKamael_Hood_m001.ukx|792b38ac016e17da641f2c0aab5b4f75|108129
animations/FMagic_br_Bill_Hat_m003_a.ukx|c8aedba7077951227dfdc94ba1e515d2|17176
animations/FMagic_Helmet_m001.ukx|96e9880b4b40e109c4f22846ce4ceb42|19801
animations/FMagic_Hood_m001.ukx|95211992f585cbf2ded896e7baec65df|51721
animations/FOrc_br_Bill_Hat_m003_a.ukx|37af98a2097921451b710364bd2f6341|17174
animations/FOrc_Helmet_m001.ukx|fa24bacf52f34040a6e8b20c8b108621|19787
animations/FOrc_Hood_m001.ukx|c96bbaf1b02b635e4084f27a97dcf1a3|48859
animations/foxmas.ukx|31652b15310e8f2b04d46fe4cc210a4e|13103051
animations/FreemanGoogle.ukx|060e8ec823b465f7da4d28b33a3f6fce|4377485
animations/FShaman_br_Bill_Hat_m003_a.ukx|188f3f5c935c535d7543f8d0a509a33d|17177
animations/FShaman_Helmet_m001.ukx|5cf2ac023161599f8bc20e77ec54d84a|19670
animations/FShaman_Hood_m001.ukx|ee959e90129480473de8c5df30fbc8fb|48558
animations/GS_Fdarkelf_Chullo_Cap_ByCymbals_m003_a.ukx|7b1bf4a8ce82dcc7e60e3836ca789889|16390
animations/GS_Fdarkelf_Uniform_Hat_m003_a.ukx|e2ffabc9f04a79fd1e53dc12527fa7ef|16925
animations/GS_Fdwarf_Chullo_Cap_ByCymbals_m003_a.ukx|d48a6ad8a997dea547b90b7e29502008|16388
animations/GS_Fdwarf_Uniform_Hat_m003_a.ukx|6ce5fe443bcf0e63775ff612bc259c64|16923
animations/GS_Felf_Chullo_Cap_ByCymbals_m003_a.ukx|303ce9c495ac4c7eed1e61282ca4c1e6|16386
animations/GS_Felf_Uniform_Hat_m003_a.ukx|7b666cc856dba9172343b1f7caabfc90|16921
animations/GS_Ffighter_Chullo_Cap_ByCymbals_m003_a.ukx|c957da631791689e74e94c1297b32bd5|16390
animations/GS_Ffighter_Uniform_Hat_m003_a.ukx|125045c441e23ab42b9213945e86adc1|16925
animations/GS_Fmagic_Chullo_Cap_ByCymbals_m003_a.ukx|50dfa8b27c9034b3435debf4c31782a1|16388
animations/GS_Fmagic_Uniform_Hat_m003_a.ukx|ff55eb9a53a8ad7b12c437c452ed6dfd|16923
animations/GS_Forc_Chullo_Cap_ByCymbals_m003_a.ukx|c486c72cf4693f6306a5b3c015b66ed2|16386
animations/GS_Forc_Uniform_Hat_m003_a.ukx|a7d0ba1472b20b48dd5e736186c610d7|16921
animations/GS_Fshaman_Chullo_Cap_ByCymbals_m003_a.ukx|c5a328fa60fca2ac528cc90cc485dd9f|16389
animations/GS_Fshaman_Uniform_Hat_m003_a.ukx|83dc42b2a712cd74ff2262fdae7d783a|16924
animations/GS_Mdarkelf_Chullo_Cap_ByCymbals_m003_a.ukx|d509da40f743e051ed73fcf9e25783b9|16390
animations/GS_Mdarkelf_Uniform_Hat_m003_a.ukx|d65aa7afac5afd354e93744a3b9ee0cd|16925
animations/GS_Mdwarf_Chullo_Cap_ByCymbals_m003_a.ukx|f2a0061d4708aaf13a65decec3aaf45a|16388
animations/GS_Mdwarf_Uniform_Hat_m003_a.ukx|f259e4c2dad68c0af66eaded21a15229|16923
animations/GS_Melf_Chullo_Cap_ByCymbals_m003_a.ukx|1b65b101d641a68cf7d6b3ea8135c8ee|16386
animations/GS_Melf_Uniform_Hat_m003_a.ukx|7dc76d516e2a1294f15de5246a4e025f|16921
animations/GS_Mfighter_Chullo_Cap_ByCymbals_m003_a.ukx|1454217dd3bd20c770cae41dd35d6c6a|16390
animations/GS_Mfighter_Uniform_Hat_m003_a.ukx|da5a970ac6d9caf588d0ccd55e103bf1|16925
animations/GS_Mmagic_Chullo_Cap_ByCymbals_m003_a.ukx|435d9d9547fc99d7a1e09cbc0a469a58|16388
animations/GS_Mmagic_Uniform_Hat_m003_a.ukx|1b3e0581bb9b4fa1886c6841c046cc9f|16923
animations/GS_Morc_Chullo_Cap_ByCymbals_m003_a.ukx|ea1824341599ab38b8bf429073a2dfe1|16386
animations/GS_Morc_Uniform_Hat_m003_a.ukx|0ef1b1dcc93237eeb1988e8a80a4328c|16921
animations/GS_Mshaman_Chullo_Cap_ByCymbals_m003_a.ukx|b127e159389fb718c30b37539c4d6202|16389
animations/GS_Mshaman_Uniform_Hat_m003_a.ukx|3ccb379fe6d3084c410470113e7251a3|16924
animations/halloween.ukx|54457bb8c3516cd0ce96e75e5639f54c|16254925
animations/HellGuards.ukx|4d5b547c4c519507e1e96f13c08ca65a|65109947
animations/Horn_Hat_FDarkElf.ukx|2a5feb9f726bf2f89fcdccf5aa39747f|19554
animations/Horn_Hat_FDwarf.ukx|ec4da05459aa514e5806f2f55412b3d2|19552
animations/Horn_Hat_FElf.ukx|ac12a1802e1f7366518a8bf1db06b322|19582
animations/Horn_Hat_FFighter.ukx|0e529ca62ebc41ff7590ff31430960ec|19554
animations/Horn_Hat_FMagic.ukx|3364511017134ad800bcd07530ede7e9|19552
animations/Horn_Hat_FOrc.ukx|ace2e61afd973e34522f237e8ee8844b|19550
animations/Horn_Hat_FShaman.ukx|e6c734af7ffcfb4f88082403b8482257|19553
animations/Horn_Hat_MDarkElf.ukx|d6c5b754141b2051f53a4c35d02397b6|19554
animations/Horn_Hat_MDwarf.ukx|23ac6999f8276312fd975472a8f3c282|19552
animations/Horn_Hat_MElf.ukx|85b68a3b05eae892020c7bd1cbbd4a63|19582
animations/Horn_Hat_MFighter.ukx|66c383fe39e125f356b5802a65164714|19554
animations/Horn_Hat_MMagic.ukx|fa80045a70665b7e2a5841db88b1cc8a|19552
animations/Horn_Hat_MOrc.ukx|b513f76cf1e687f23f29eeb10c952228|19550
animations/Horn_Hat_MShaman.ukx|4e1d84269f02686ee33e1083494fb5ea|19553
animations/icarus_accipiter.ukx|86a75e08d51ab2b25abd3696de50123c|23557
animations/icarus_chopper.ukx|c7c8220b43ca9ba9b68cb25727a98786|23379
animations/icarus_disperser.ukx|d168afe18213260596111e3246c25c07|10337
animations/icarus_heavy_arms.ukx|c2d109400c197f26fc3226c48b2f0ea1|10858
animations/icarus_knuckle.ukx|4b03968c0d3a9f086464cc0c36726865|4578
animations/icarus_shooter.ukx|09f7ef0f3bd11691364e3f5cd10acca0|17039
animations/icarus_sowsword.ukx|04bf9e08426e09019c99a2133102b917|10836
animations/icarus_spirits.ukx|3dce22cc54a385fce191c62dac4b6b57|9171
animations/icarus_stinger.ukx|38b729687845ed261f93bc223743c92c|10415
animations/icarus_trident.ukx|afe33aaeaf10349f310381dfad9a7951|10755
animations/icarus_wand.ukx|8366a16866142e793170b342e098262c|17992
animations/icarus_wing_blade.ukx|8885016e0639375437b48c71671ae9bf|14702
animations/JohnScott_FDarkElf_br_close_helmet_m003.ukx|9ba7d5869ec2f42fbf6b1e0f469abeca|19316
animations/JohnScott_FDarkElf_h00_m005.ukx|3af90576f3b15f876f6dfe42c1b74a86|9422
animations/JohnScott_FDarkElf_h01_m005.ukx|69b64e1785cb547e7f1eac9a61504797|14730
animations/JohnScott_FDwarf_br_close_helmet_m003.ukx|15961c01d826ea23e6ee19e0d8ec3bcc|19314
animations/JohnScott_FDwarf_h00_m005.ukx|b1b8b20019310c4482dea34d728bb101|10084
animations/JohnScott_FDwarf_h01_m005.ukx|e6dd455059f4b3e9937b73e02fc76c0e|26570
animations/JohnScott_FElf_br_close_helmet_m003.ukx|06455edc30cea4d16e18e08e57b3bd50|19312
animations/JohnScott_FElf_h00_m005.ukx|ff4142a122db560d2b344aa7e26666a9|13576
animations/JohnScott_FElf_h01_m005.ukx|e3d30c63a5545da7a801071ef4bcbab9|14702
animations/JohnScott_FFighter_br_close_helmet_m003.ukx|710ae5cfc89d034262ede623fcc4d5c0|19348
animations/JohnScott_FFighter_h00_m005.ukx|49f387199ad6b18d420166c20077f5da|12932
animations/JohnScott_FFighter_h01_m005.ukx|098a5d70ff36b204ba6f8eaccc66338d|9038
animations/JohnScott_Fmagic_br_close_helmet_m003.ukx|453a0ab6ec5cd79ef496c11509305ed1|19314
animations/JohnScott_FMagic_h00_m005.ukx|280f1fb9cc570ad97ba4db1aaf6ee1b1|15854
animations/JohnScott_FMagic_h01_m005.ukx|c391cf977ee5b0b67a0c84a5f962f71b|16346
animations/JohnScott_FOrc_br_close_helmet_m003.ukx|5bbc840c641eeb0ab9de7995f37d2e5e|19280
animations/JohnScott_FOrc_h00_m005.ukx|8b66de9753cbaf182d2a24822dc79ea1|18144
animations/JohnScott_FOrc_h01_m005.ukx|ab184eaaeca6337034ac9294af7169be|17602
animations/JohnScott_FShaman_br_close_helmet_m003.ukx|4c297672dd58822302497d4676cc47ca|19315
animations/JohnScott_FShaman_h00_m005.ukx|694e2b131f6ca86c420a5096f8550d3b|26157
animations/JohnScott_FShaman_h01_m005.ukx|620a73168320bc0bfb3071bca9087ed1|12091
animations/JohnScott_MDarkElf_br_close_helmet_m003.ukx|ee1ec0af35e0183d6ace1f698417d45c|19316
animations/JohnScott_MDarkElf_h00_m005.ukx|f3fe4ab4b6bbb5aa4a3c04f185ddfc86|12814
animations/JohnScott_MDarkElf_h01_m005.ukx|c8a5397f892e892a930efd345ddbb192|13736
animations/JohnScott_MDwarf_br_close_helmet_m003.ukx|136e8e6bce6e6c84f7d3925a6f2dd07b|22364
animations/JohnScott_MDwarf_h00_m005.ukx|59fee7367226c7e1d4cc7d82fb2e7d1a|14318
animations/JohnScott_MDwarf_h01_m005.ukx|b61543e49f1eb10c629033bdbbe76cd7|14852
animations/JohnScott_MElf_br_close_helmet_m003.ukx|d7a5a226889830c3ba8f14256ac2feb5|19312
animations/JohnScott_MElf_h00_m005.ukx|349d807b6462a8ebdabdc4b9b4196efc|9866
animations/JohnScott_MElf_h01_m005.ukx|c3481531d917a9c0986c0384e0ad4a0c|11472
animations/JohnScott_MFighter_br_close_helmet_m003.ukx|86b6e68d17d8553251d31339a0e51e84|19316
animations/JohnScott_MFighter_h00_m005.ukx|3ab7f118ccb1d3bf81249704e0f488d3|22390
animations/JohnScott_MFighter_h01_m005.ukx|a708ea832581e9e264b57722c41ec8d8|11932
animations/JohnScott_Mmagic_br_close_helmet_m003.ukx|6bcdc0aca1183ed1d4dbfc116d1149dc|19346
animations/JohnScott_MMagic_h00_m005.ukx|684772721ef8d284f34e3f40822ac505|11798
animations/JohnScott_MMagic_h01_m005.ukx|eaee1ce70b47ab574754b917bc5e617c|12366
animations/JohnScott_MOrc_br_close_helmet_m003.ukx|1c025c70c0724d154d89290df10ee70f|19344
animations/JohnScott_MOrc_h00_m005.ukx|aa7e664e8c585371b9dd3c5b3166a6a6|16374
animations/JohnScott_MOrc_h01_m005.ukx|e728fb6ce526f3712f67fecdbcb897a9|9242
animations/JohnScott_MShaman_br_close_helmet_m003.ukx|2a1fb1c1933df6b9e285621875d7cfef|19347
animations/JohnScott_MShaman_h00_m005.ukx|b277e21dfe775774b073016aa9426459|14253
animations/JohnScott_MShaman_h01_m005.ukx|39714d6339b9235742e5b193ab544410|19207
animations/L2Fox.ukx|648ab1c030377efcd9f1124378be2c9d|3396159
animations/L2FoxHWN.ukx|5694a75081eb9895fa842515a706a16f|6327130
animations/l2teleport.ukx|55b7830cbd6e43415abf3f88bdd1abaa|1164917
animations/LineageAccessoryRaccoon3.ukx|ca7af8e825c07d5c2d7c143061fd5184|4417458
animations/LineageCustom1.ukx|e9be6a18904bc12cca17487c56678075|14569667
animations/LineageCustom2.ukx|3b797590777c0768e00977eb73c1dc3e|2107167
animations/LineageMonsterFox.ukx|f79768cf3ed21fd116e80051cfbd1638|1966298
animations/LineageMonsters3.ukx|79a92d1c97237272f4a1ce78aa6e85d9|104809347
animations/LineageMonsters_NewStrider.ukx|034e9819c60cc2edcbf9874520dfbecf|1189873
animations/LineageNpcs_AgaPackFR2_byNevesOma.ukx|b024c2568891c59273b55ee2cd4499e1|8944282
animations/LineageNpcs_beautifulFDW_byNevesOma.ukx|49c9eb40901ee0149e76cd7490e14ec6|6275462
animations/LineageNPCs_l2Sudamerica.ukx|f57ff2acd53a392180c3709bbe5dc31f|88634341
animations/lineageweaponsc4.ukx|dbb91cd5cca65b56809da22e1c0c51be|5840908
animations/Magic-v.ukx|76d3059a68c8985543d80c15e7a8593e|786344
animations/MDarkElf_br_Bill_Hat_m003_a.ukx|49c90bbd12c15baef3293e4711d5039b|17178
animations/MDarkElf_Helmet_m001.ukx|c66338f50cec6d980df02389b1ddd5f7|19791
animations/MDarkElf_Hood_m001.ukx|0c7b75444e11699c1566142e4917976a|47635
animations/MDwarf_br_Bill_Hat_m003_a.ukx|d68617ff5d0794ba818564b499311438|17176
animations/MDwarf_Helmet_m001.ukx|017aa2918b4c9ebac58962cfbe191eb1|23981
animations/MDwarf_Hood_m001.ukx|4ada7266a55c913f954d831a9ef96c80|48163
animations/MElf_br_Bill_Hat_m003_a.ukx|b3aa246c73f53b0430dbfa9e3ecdf75a|17174
animations/MElf_Helmet_m001.ukx|0bef2f28dba141f1afbe2a2216176644|23371
animations/MElf_Hood_m001.ukx|da1d0b08a6f95848f93026fe9509c667|54881
animations/MFighter_br_Bill_Hat_m003_a.ukx|1d892b81b0a4707479db66571de0f7ed|17178
animations/MFighter_Helmet_m001.ukx|96b869fd862d120f046166168414fd8c|19791
animations/MFighter_Hood_m001.ukx|2262bf4d63f43268fef49a642d90a2de|49923
animations/MKamael_br_Bill_Hat_m003_a.ukx|86c7cade66bda29958042b2f8449da2a|17177
animations/MKamael_Helmet_m001.ukx|45121ebcd9710f7e26c307cb00ac8c8c|20118
animations/Mkamael_Hood_m001.ukx|c5407cb5d94ce662404e80e3598cdb26|45646
animations/MMagic_br_Bill_Hat_m003_a.ukx|e90e82ad900576fb45146ba2b6e65ed7|17176
animations/MMagic_Helmet_m001.ukx|a705319ab6b3e0eda4c891f2df6f4ca6|19789
animations/MMagic_Hood_m001.ukx|bd1bcf951334747767735edd9198d34c|49517
animations/MOrc_br_Bill_Hat_m003_a.ukx|c3cc0595c466c914aadbaf643f659887|17174
animations/Morc_Helmet_m001.ukx|4bb43de00f874fa2807cbedab3e010d8|23979
animations/MOrc_Hood_m001.ukx|b0d589e933292bde93aa0a9f9edc1b71|42985
animations/MShaman_br_Bill_Hat_m003_a.ukx|d3455882cef9d1959d39dfab7fb3c49e|17177
animations/MShaman_Helmet_m001.ukx|06dd6f9caac8f23392cb582f39e36e40|19854
animations/MShaman_Hood_m001.ukx|8a8e501417f8383436e9d040d1bd096d|48578
animations/MultiCrazY_DarkArmor.ukx|c003080542cf9241b9226fd445d49cba|13227809
animations/Munch_Agathion.ukx|74441a0cf169275e5ad514ca456e2f17|6471816
animations/Munch_Beany_FDElf_m003_a.ukx|ab3524cf7b9e465a7e43d53b14d5ddd6|27531
animations/Munch_Beany_FDwarf_m003_a.ukx|37996fcd32cc973930f054acb4dd91c6|27532
animations/Munch_Beany_FElf_m003_a.ukx|cbc62d3bdb942eaafb6fe42c7342282f|27530
animations/Munch_Beany_FMagic_m003_a.ukx|97a53e4cd0a0dd69f7aba3f5bc9c0088|27532
animations/Munch_Beany_FOrc_m003_a.ukx|70a4998cdc84c963e1f728405a35afd1|27530
animations/Munch_Beany_FShaman_m003_a.ukx|5e499f12e2bdec8c009528bb713159e5|27533
animations/Munch_Beany_MDwarf_m003_a.ukx|831f4a9f137371e003004ad8a73eb481|27532
animations/Munch_Beany_MElf_m003_a.ukx|ed766b6a36b0188e188a8382dd4d99bd|27530
animations/Munch_Beany_MFighter_m003_a.ukx|8049b7c0453bdc5ad71f9bab7617eaca|27534
animations/Munch_Beany_MMagic_m003_a.ukx|d1db9adbb9ec298976253ee7acf6e28c|27532
animations/Munch_Beany_MOrc_m003_a.ukx|dd131893023facf961bd1f655e5b0edb|27530
animations/Munch_Beany_MShaman_m003_a.ukx|3f9528293bf5a32dd5a83fb7a6dea34b|27533
animations/Munch_GasMask_FDElf_m001.ukx|a01e5d69190ece0d0da5235e8b10e62a|142320
animations/Munch_GasMask_FDwarf_m001.ukx|923d1c682d312408aad1f6a66f3cedde|142321
animations/Munch_GasMask_FElf_m001.ukx|2a91acae74227d619b59792b5fd931ab|142319
animations/Munch_GasMask_FMagic_m001.ukx|92c5b6ab9e0d28b7b4031db85cf94552|142321
animations/Munch_GasMask_FOrc_m001.ukx|3819f4d5a8b14c39277102467a78a034|142319
animations/Munch_GasMask_FShaman_m001.ukx|afb4ae873e9c816f790814d18b777f24|142322
animations/Munch_GasMask_MDwarf_m001.ukx|5d6cab375ed0d6e02a9f1479f3e97dd4|142321
animations/Munch_GasMask_MElf_m001.ukx|11869c517734426cc47e9c1e11861edc|142319
animations/Munch_GasMask_MFighter_m001.ukx|4fe6dbbc4acee795a0602a6d06fde153|107571
animations/Munch_GasMask_MMagic_m001.ukx|d96f0cb1c8b199c63ccfe931ddc23668|142321
animations/Munch_GasMask_MOrc_m001.ukx|efd3c448cce0026f602dbc609a34a674|142319
animations/Munch_GasMask_MShaman_m001.ukx|4dfb62e5fffa2ac93ea0b8c9b7f8ac21|142322
animations/Munch_HunterHat_FDElf_m003_a.ukx|41730224b75f3a2732cce7fcdddd72a8|22955
animations/Munch_HunterHat_FDwarf_m003_a.ukx|7589f986e1857db417e650258bc628ab|22956
animations/Munch_HunterHat_FElf_m003_a.ukx|1c10a8812300cade679fd7734ab138d0|22954
animations/Munch_HunterHat_FMagic_m003_a.ukx|311a076f429f28a49c9d40f11b83eec0|22956
animations/Munch_HunterHat_FOrc_m003_a.ukx|33b9d09a88b82753d4d82663579e8a3a|22954
animations/Munch_HunterHat_FShaman_m003_a.ukx|2d84793527bf2027060529434f2bb612|22957
animations/Munch_HunterHat_MDwarf_m003_a.ukx|05e0d71f2b3b6353d8e917cd2849cf84|22956
animations/Munch_HunterHat_MElf_m003_a.ukx|b53f7691e536d5139ec6ce0ff3e5687f|22954
animations/Munch_HunterHat_MFighter_m003_a.ukx|aa9bf473b78f6420f3277414504b1be8|22958
animations/Munch_HunterHat_MMagic_m003_a.ukx|4672c811d17122802f7bd1ccd35f2d7d|22956
animations/Munch_HunterHat_MOrc_m003_a.ukx|c8512dfbf4586b67b3c6b3d7b708ffcb|22954
animations/Munch_HunterHat_MShaman_m003_a.ukx|8ef6113a3bf260f0b7659deb9b682ddf|22957
animations/Munch_MinerHat_FDElf_m003_a.ukx|daff8e6d3c8933146c2d5d157ea3e292|11014
animations/Munch_MinerHat_FDwarf_m003_a.ukx|f8538f25b6596547681fcea0375296c4|11015
animations/Munch_MinerHat_FElf_m003_a.ukx|ccfc301899b14b228c0b0d570f0f3919|11013
animations/Munch_MinerHat_FMagic_m003_a.ukx|0a17ce04657d2c179ccbf4b59ca167ff|11015
animations/Munch_MinerHat_FOrc_m003_a.ukx|af66f12a887141f05f2b0a34a6878697|11013
animations/Munch_MinerHat_FShaman_m003_a.ukx|6be459bc0e01cc4a7eedf81727e6be53|11016
animations/Munch_MinerHat_MDwarf_m003_a.ukx|72bf8d0a63d4a00c29d8f7bd9528a8e7|11015
animations/Munch_MinerHat_MElf_m003_a.ukx|8072dce78f645ef8ddfb57ddccb9a1fd|11013
animations/Munch_MinerHat_MFighter_m003_a.ukx|9710415590416d270945bfd979119639|11017
animations/Munch_MinerHat_MMagic_m003_a.ukx|37c9a7ddaed98333568556ce6974f8b7|11015
animations/Munch_MinerHat_MOrc_m003_a.ukx|c6b02561ef8bbef0d6ef4f3e64f47c56|11013
animations/Munch_MinerHat_MShaman_m003_a.ukx|940be051ef17c65d180f2852ae10dd5c|11016
animations/Munch_PriestHat_FDElf_m003_a.ukx|3d7b7ba615f00a22c8a7aa6179f3c48e|19967
animations/Munch_PriestHat_FDwarf_m003_a.ukx|e4c59fa4494a06587b676b4dc228165a|19968
animations/Munch_PriestHat_FElf_m003_a.ukx|efd6f2e55918db94c2738a7a1baae646|19966
animations/Munch_PriestHat_FMagic_m003_a.ukx|68c3ad80941e7710cee8ff30d109215c|19968
animations/Munch_PriestHat_FOrc_m003_a.ukx|931e05c80ca2ab7b7099a86859599c2d|19966
animations/Munch_PriestHat_FShaman_m003_a.ukx|ee53886c770100b3df1f8d88d0eb7f1d|19969
animations/Munch_PriestHat_MDwarf_m003_a.ukx|47e296d189678e3aeadc78faa128e5dd|19968
animations/Munch_PriestHat_MElf_m003_a.ukx|e17e8490a3aecd5fc958f8ae1f3c03e6|19966
animations/Munch_PriestHat_MFighter_m003_a.ukx|49ddd09f396f450d18bf3ffb0926c94c|19970
animations/Munch_PriestHat_MMagic_m003_a.ukx|24b2cb8b18347328589fe6eb2337f263|19968
animations/Munch_PriestHat_MOrc_m003_a.ukx|d27c95ff90f0c0accbc30bb86ddb91fd|19966
animations/Munch_PriestHat_MShaman_m003_a.ukx|48c85bd7764ce5fc8a743373eca5f8a7|19969
animations/Munch_Snapback_FDElf_m003.ukx|6ff4d2df572962ea01248182b681eb62|6419
animations/Munch_Snapback_FDwarf_m003.ukx|004d0f3841051bd72689a0940600487e|6420
animations/Munch_Snapback_FElf_m003.ukx|857f4539111316463f621ce2fe81a6f7|6418
animations/Munch_Snapback_FFighter_m003.ukx|f46ade2d304e3052a7704e15889ee0f0|6422
animations/Munch_Snapback_FMagic_m003.ukx|e01c03fddb4d074b28b0eba804113fcf|6420
animations/Munch_Snapback_FOrc_m003.ukx|18274755195a2bbd10b1e5396f9cecee|6418
animations/Munch_Snapback_FShaman_m003.ukx|5bf9c707eafa166d46aeceeb9789d56f|6421
animations/Munch_Snapback_MDElf_m003.ukx|9d6592ab2dfad19fdb304ba00352c17e|6419
animations/Munch_Snapback_MDwarf_m003.ukx|71fb2b3e69802a3bc3b6805d64d734f4|6420
animations/Munch_Snapback_MElf_m003.ukx|e3d8a5ec60e2ce76e753d5dacfd7fb12|6418
animations/Munch_Snapback_MFighter_m003.ukx|c17e823c0e63cbc2acd9e48dd63124e6|6422
animations/Munch_Snapback_MMagic_m003.ukx|c8fae877df1d266389e0ca51b7556534|6420
animations/Munch_Snapback_MOrc_m003.ukx|eda16dd089d6e060b7e11fb0602678ed|6418
animations/Munch_Snapback_MShaman_m003.ukx|54f012de1f8a64781e6c67cba9dd48ae|6421
animations/Munch_TopHat_FDarkElf_m003.ukx|d4f976d48e4ceef21d415da8d5a5221b|13237
animations/Munch_TopHat_FDElf_m003.ukx|3a7df64f385270840aff23796ca643ad|13234
animations/Munch_TopHat_FDwarf_m003.ukx|5b5942302131779f8e1783c5ca88576e|13235
animations/Munch_TopHat_FElf_m003.ukx|8902a50d3a761373d54999b274f2a206|13233
animations/Munch_TopHat_FMagic_m003.ukx|bc59e6a0ca86937e6386665c92bd7b9a|13235
animations/Munch_TopHat_FOrc_m003.ukx|e4ebba3de4be552f7ac61b4f2d6ce0b4|13233
animations/Munch_TopHat_FShaman_m003.ukx|40144d380732cc74caf2be332d599ac7|13236
animations/Munch_TopHat_MDwarf_m003.ukx|1de86b34e83a2c334cac556dec28af06|13235
animations/Munch_TopHat_MElf_m003.ukx|cf1d217ba2ea4d9373570b49a8a3a63f|13233
animations/Munch_TopHat_MFighter_m003.ukx|debb140e2a5de689d7fab91573957bc4|13237
animations/Munch_TopHat_MMagic_m003.ukx|997dcbe5c6b1d084fd731d90856e11c1|13235
animations/Munch_TopHat_MOrc_m003.ukx|60d9e574327f2b118b0117b232753400|13233
animations/Munch_TopHat_MShaman_m003.ukx|68fc1670706633a916a81f9f31b39bdc|13236
animations/NevesOma_bSticker-mDW_m003_a.ukx|87e97358e378ed94035fddae0f5746bb|26095
animations/NevesOma_bSticker-mOR_m003_a.ukx|35d2262c6de9360971e7b0797401f34d|26095
animations/NevesOma_bSticker-mSH_m003_a.ukx|5265ba3bdd882c9f86e18f103f4100a9|26095
animations/NevesOma_bSticker_m003_a.ukx|7baa324101f7d399050fe6ce646c1784|26091
animations/NZ_Fdarkelf_Ruthless_Mask_ByCymBals_m000_a.ukx|99bc931065ee2880dc3ae12bb1755ef4|3948
animations/NZ_Fdwarf_Ruthless_Mask_ByCymBals_m000_a.ukx|2563f863c2c00d747d0fbc5c127f5e23|3946
animations/NZ_Felf_Ruthless_Mask_ByCymBals_m000_a.ukx|71ee54b9a0bfde717998ae14cc70c10a|3944
animations/NZ_Ffighter_Ruthless_Mask_ByCymBals_m000_a.ukx|113da173a0f7d9180ce5e73ba3896a10|3948
animations/NZ_Fmagic_Ruthless_Mask_ByCymBals_m000_a.ukx|27630fbe26fe102585c47f8b54e3e8bc|3946
animations/NZ_Forc_Ruthless_Mask_ByCymBals_m000_a.ukx|96da343e7b83eba373d2d614fb56c70d|3944
animations/NZ_Fshaman_Ruthless_Mask_ByCymBals_m000_a.ukx|62081b11b6eaff67587e842e521f9a46|3947
animations/NZ_Fshaman_tophat_slash_BySecretDevelopers_m002_a.ukx|3c990816e4f17dbf4fe7f6d0b70be2e1|13260
animations/NZ_Mdarkelf_Ruthless_Mask_ByCymBals_m000_a.ukx|92912944badd8cd987222dd74a3df2b6|3948
animations/NZ_Mdwarf_Ruthless_Mask_ByCymBals_m000_a.ukx|c7ba2f1bbbfe481dc2a0b516a8ae71a3|3946
animations/NZ_Melf_Ruthless_Mask_ByCymBals_m000_a.ukx|2735b2fda23cfaf1271afbc7ae5fa54a|3944
animations/NZ_Mfighter_Ruthless_Mask_ByCymBals_m000_a.ukx|d80aecb96a73edd4121a3c7b37bad7b0|3948
animations/NZ_Mmagic_Ruthless_Mask_ByCymBals_m000_a.ukx|a9606fabb7e402a0962caa8e802972ca|3946
animations/NZ_Morc_Ruthless_Mask_ByCymBals_m000_a.ukx|e82034760e4bf0a1e0943b3ed78dc209|3944
animations/NZ_Morc_tophat_slash_BySecretDevelopers_m002_a.ukx|b251d1c977f6c2712e2e734101590fe9|13257
animations/NZ_Mshaman_Ruthless_Mask_ByCymBals_m000_a.ukx|3c912cdd6cc9fca4d426b3b774c85cfe|3947
animations/NZ_Mshaman_Ruthless_Mask_ByCymBals_m003_a.ukx|512ecf6eb4612853958177bfd4df10b9|3947
animations/NZ_Mshaman_tophat_slash_BySecretDevelopers_m002_a.ukx|aa252d4572819b848da568f021be2be4|13260
animations/Orc-v.ukx|56dbe129f4317d15d335d28769af3e5c|1879186
animations/PirateQueen.ukx|4208611b3e025bdbf0a87d7b7f85f70f|3396832
animations/satyr_shaman.ukx|97c087f93db2ccc81c7e583da2b2ded3|5475388
animations/Shaman-v.ukx|7e0773136d3b84bb8021762d1fbe5b2e|838619
animations/SHEV_alien_mask_m008_a.ukx|1be55fde316ac6f0fcc439eee7e0dfea|10045
animations/SHEV_br_doccabi_mask_m008_a.ukx|1095b113a5837e51a7bc52199be69829|22902
animations/SHEV_br_frankenstein_mask_m008_a.ukx|b40ab6bf5c84d8a118458325e04b1e67|23371
animations/SHEV_br_jack0_mask_m008_a.ukx|8bc9c4450222c5fd2d97476a310c3707|12968
animations/SHEV_br_mummy_mask_m008_a.ukx|b0395a6e43ed693aa7382f52d4ddc0d1|17228
animations/SHEV_br_scream_mask_m008_a.ukx|0435fe4d231a74e92991295a6ec88fb4|16265
animations/SHEV_FDarkElf_g_straw_hat_m003_a.ukx|c19e615047d4243e7efdaa1f4a3260d6|17967
animations/SHEV_Fdarkelf_palaika_helmet_g_m003_a.ukx|e69ad5a59dbf598172e04d98eff08a4f|10984
animations/SHEV_FDwarf_g_straw_hat_m003_a.ukx|a704044484097999a1a16b703819ef5c|18029
animations/SHEV_Fdwarf_palaika_helmet_g_m003_a.ukx|041b9a8163f490df0d4cec7dba2f6914|10982
animations/SHEV_FElf_g_straw_hat_m003_a.ukx|dd6f4911ee5b978d516bea1fd738f8d9|17963
animations/SHEV_Felf_palaika_helmet_g_m003_a.ukx|cd6323407d65d37d8b526ec482bee7a5|10980
animations/SHEV_Ffighter_palaika_helmet_g_m003_a.ukx|a3673e13a17dbdf0569c6b78a78071a4|10984
animations/SHEV_Fmagic_g_straw_hat_m003_a.ukx|aa0c7795afc1e116936f5f4222d676a0|17965
animations/SHEV_Fmagic_palaika_helmet_g_m003_a.ukx|86c8e21e10ca0d309eacd21e63943ca9|10982
animations/SHEV_FOrc_g_straw_hat_m003_a.ukx|59f1463b87afe8d7f998fb1626d95939|17963
animations/SHEV_Forc_palaika_helmet_g_m003_a.ukx|7dd7c635367053797f5584298de5a1fe|10980
animations/SHEV_FShaman_g_straw_hat_m003_a.ukx|cf7604994283f3e00aa1bc1dab18f824|17966
animations/SHEV_Fshaman_palaika_helmet_g_m003_a.ukx|94792358c498b8276da2c29c3825c222|10983
animations/SHEV_Mdarf_br_jack0_mask_m008_a.ukx|80d0278201a1561518d4912f6e40273a|12974
animations/SHEV_Mdarkelf_palaika_helmet_g_m003_a.ukx|288a45df0765e6db0096c4fcbc241716|10984
animations/SHEV_Mdwarf_doccabi_mask_m008_a.ukx|526df7caade89407e6d302bc9d0afd5a|22906
animations/SHEV_MDwarf_g_straw_hat_m003_a.ukx|0ceba08dc6145b990f1068cd98611bab|17965
animations/SHEV_Mdwarf_palaika_helmet_g_m000_a.ukx|4a80eb22914070c02562399979aba5e2|10982
animations/SHEV_Mdwarf_scream_mask_m008_a.ukx|3161bc0152b1cf1e5609c3cc3bd8cb48|16269
animations/SHEV_MElf_g_straw_hat_m003_a.ukx|d4b2e3ec45fc94b7ac744076ab2b6fe6|17963
animations/SHEV_Melf_palaika_helmet_g_m003_a.ukx|0dd67f0eb14aa413a8b98603bcc91768|10980
animations/SHEV_MFighter_g_straw_hat_m003_a.ukx|95cad440efc7f72b0896d0cd88e6756f|17967
animations/SHEV_MMagic_g_straw_hat_m003_a.ukx|00d094bd716deb3abad68602abddb98b|17965
animations/SHEV_Mmagic_palaika_helmet_g_m003_a.ukx|efc2ca48e58ed9324adc43d0adc69b3f|10982
animations/SHEV_Morc_alien_mask_m008_a.ukx|56171a4a96e61bcdebe02232ece30398|10050
animations/SHEV_Morc_br_jack0_mask_m008_a.ukx|277bbe7f90cb14fc499bc9b58b330693|12973
animations/SHEV_Morc_doccabi_mask_m008_a.ukx|5fb18ea80d38bef8a0ae6e022bc795a2|22904
animations/SHEV_MOrc_g_straw_hat_m003_a.ukx|669ca358f18eea7f4601395d298f52b4|17963
animations/SHEV_Morc_mummy_mask_m008_a.ukx|fb7b4d6e8d4d907b0d07c7f32570b714|17230
animations/SHEV_Morc_palaika_helmet_g_m003_a.ukx|3d912e9c41a920af353929469c8d7f34|10980
animations/SHEV_Morc_scream_mask_m008_a.ukx|243bd218c0fb3c3263a3b9bc3bd326b4|16267
animations/SHEV_Mshaman_alien_mask_m008_a.ukx|e086db11cf90379a73e55188fbf9c74a|10053
animations/SHEV_MShaman_g_straw_hat_m003_a.ukx|fcfae9cb9b01a20841ce88ebf4213527|17966
animations/SHEV_Mshaman_palaika_helmet_g_m003_a.ukx|8f19ee888ae66ded38cf292487f181da|10983
animations/SHEV_Musketeer.ukx|ad4e1aad4cdfe3c585dab4d23abde666|13537392
animations/SHEV_palaika_helmet_g_m003_a.ukx|6c2d4d322b21731384f0364fc1cb13c7|10975
animations/SHEV_SingleMeshOrc.ukx|da421739ce03d37acd0f569f0633b1da|7511682
animations/SHEV_Wizard.ukx|9243c9ab51e321f2c914af7ae5e0dc4f|14077760
animations/skill.usk|00b1131f1ed222de22fa0b15f7cc24eb|50885
animations/sp_summon_cat_mage.ukx|acb9e299f26c98f1e8d59d3c0895183e|4630545
animations/vesper_avenger.ukx|c1cd09d34f25a1123b5c5853d8664627|39594
animations/vesper_burster.ukx|06f4a8060952c328384b1bbacfc661cd|9814
animations/vesper_caster.ukx|94acba87010db48290bc68a675b58f76|15073
animations/vesper_cutter.ukx|825a41fc5ff8f4576e488991ac7d4160|12005
animations/vesper_fighter.ukx|765719484d10f4596e329384d79181af|14790
animations/vesper_nagen.ukx|a0be2460a136a8403d71148058395f70|14376
animations/vesper_retributer.ukx|6cb42a9cbd85afc4b0c9c55ab298dc9c|28401
animations/vesper_shaper.ukx|3d5555c9e53029ca683a0b5d892d0aa1|10229
animations/vesper_singer.ukx|2fb0ba4c3914e2dcf04db3b2a741fd9c|14279
animations/vesper_slasher.ukx|fc0bd49a7245a409af4669c02102d6ee|15958
animations/vesper_stormer.ukx|868c1b8220cd5fdaff77ff9abe0d4554|18718
animations/vesper_thrower.ukx|5b82447a2731f735234179d00cd87e9d|32806
animations/vesper_verteidiger.ukx|c83d46fdd6d5e16656bc0c6390d200fc|6077
animations/viRUS_Assassin_dark.ukx|bb8af09a13c32670f1002cd5a81862bf|12104252
animations/viRUS_Assassin_light.ukx|dc1f84683e633c11deee4a40e306fcf5|12104782
animations/viRUS_BlueZaken_Set.ukx|e9808d3990121e7bed4d379427dc1d77|7647328
animations/viRUS_Developments_Pack01.ukx|6307076fa0cff20f9fdc912c262995e2|48148836
animations/viRUS_Hairstyle012.ukx|2778ec960bbb2c48e105c588fbf00cf2|6130602
animations/viRUS_NewDino_Il.ukx|c921daf075b09c39732f10be2eb088d0|23044722
animations/WariinG_Deodos.ukx|2c35b978ef99352f9fbfd19bbef81d72|43801
animations/xmas.utx|84c7c05535bdf5cd93e3325a6eb4fb6d|335339
animations/zS_Fdarkelf_Barba_Ruiva_Cap_ByzSnow_m003_a.ukx|58fc87de92aeee1c85e10acf5d5d0f09|27705
animations/zS_Fdarkelf_Rabbadon_Mask_ByzSnow_m003_a.ukx|47f27fedfcb37f7eed703c66e2d126d8|92412
animations/zS_Fdarkelf_TopFormal_Cap_Hat_ByzSnow_m003_a.ukx|da084a5a6d7f0bca9f6c6518f70f9d0c|32235
animations/zS_Fdwarf_Barba_Ruiva_Cap_ByzSnow_m003_a.ukx|4942662eb74d8b1ba37055f89e76f418|27703
animations/zS_Fdwarf_Rabbadon_Mask_ByzSnow_m003_a.ukx|0c7d4a6022320e3a6335c821c88cd917|92410
animations/zS_Fdwarf_TopFormal_Cap_Hat_ByzSnow_m003_a.ukx|be342da3add9066ae3cb70855a2dc9de|32233
animations/zS_Felf_Barba_Ruiva_Cap_ByzSnow_m003_a.ukx|9b6ea7be9b1096c441620342779b0d07|27701
animations/zS_Felf_Rabbadon_Mask_ByzSnow_m003_a.ukx|50df5a54d98ad497705a7d41a1ace4c0|92408
animations/zS_Felf_TopFormal_Cap_Hat_ByzSnow_m003_a.ukx|959ccc46ba0c29d7c4719d70a4a3440d|32231
animations/zS_Ffighter_Barba_Ruiva_Cap_ByzSnow_m003_a.ukx|1604c8a887ffd8c14e16f0229ae43181|27705
animations/zS_Ffighter_Rabbadon_Mask_ByzSnow_m003_a.ukx|d34e3403b68e14833776c13e9f5a8c45|92412
animations/zS_Ffighter_TopFormal_Cap_Hat_ByzSnow_m003_a.ukx|12f37a9de5d572c2ecf59e44365c3dea|32235
animations/zS_Fmagic_Barba_Ruiva_Cap_ByzSnow_m003_a.ukx|1725a7c92c90b808ba1f44d0fd949ee4|27703
animations/zS_Fmagic_Rabbadon_Mask_ByzSnow_m003_a.ukx|b8bbc378e03df7e6443c69d5bd413cea|92410
animations/zS_Fmagic_TopFormal_Cap_Hat_ByzSnow_m003_a.ukx|598e49a90aed887ab9dd993d0131f15f|32233
animations/zS_Forc_Barba_Ruiva_Cap_ByzSnow_m003_a.ukx|173effdc995f30f5e1acbfc26e501580|27701
animations/zS_Forc_Rabbadon_Mask_ByzSnow_m003_a.ukx|52c9e9cd3458ef0ce2d0a04d3a8d7320|92408
animations/zS_Forc_TopFormal_Cap_Hat_ByzSnow_m003_a.ukx|fe8a120679756168dc1a00ef731e9389|32231
animations/zS_Fshaman_Barba_Ruiva_Cap_ByzSnow_m003_a.ukx|da4d291caa491f5cacbebd2131aac04a|27704
animations/zS_Fshaman_Rabbadon_Mask_ByzSnow_m003_a.ukx|a7435ec37842ce04957556c83cf88789|92411
animations/zS_Fshaman_TopFormal_Cap_Hat_ByzSnow_m003_a.ukx|5bd4a39a1d65d179690c80669b2b2db2|32234
animations/zS_Mdarkelf_Barba_Ruiva_Cap_ByzSnow_m003_a.ukx|a6ba8d708a542707054185df0c70d907|27705
animations/zS_Mdarkelf_Rabbadon_Mask_ByzSnow_m003_a.ukx|3161bfbc30dbf6ca0ec6a0b396d44de8|92412
animations/zS_Mdarkelf_TopFormal_Cap_Hat_ByzSnow_m003_a.ukx|47cc644ab4387d13a58a1c6da95149fa|32235
animations/zS_Mdwarf_Barba_Ruiva_Cap_ByzSnow_m003_a.ukx|c09656e565d649f002d704f0cd8b69cd|27703
animations/zS_Mdwarf_Rabbadon_Mask_ByzSnow_m003_a.ukx|38cbf1975d4f026e58ad358214c70762|92410
animations/zS_Mdwarf_TopFormal_Cap_Hat_ByzSnow_m003_a.ukx|ac9a4dd279f081e45b3013a8a7bdb922|32233
animations/zS_Melf_Barba_Ruiva_Cap_ByzSnow_m003_a.ukx|cd39104c8276c1d3966146e2ea7d654b|27701
animations/zS_Melf_Rabbadon_Mask_ByzSnow_m003_a.ukx|7aa6986ed9732a2c02f2272c5a76e9cc|92408
animations/zS_Melf_TopFormal_Cap_Hat_ByzSnow_m003_a.ukx|f17192c76b2fe1a0a8f2685f9ca343f8|32231
animations/zS_Mfighter_Barba_Ruiva_Cap_ByzSnow_m003_a.ukx|4bdbc1162ebd80bbf25a0bd69da38242|27705
animations/zS_Mfighter_Rabbadon_Mask_ByzSnow_m003_a.ukx|705c88681539caff76a97f09ab2fea75|92412
animations/zS_Mfighter_TopFormal_Cap_Hat_ByzSnow_m003_a.ukx|80bc028cfc27f957e89741d7313e48f1|32235
animations/zS_Mmagic_Barba_Ruiva_Cap_ByzSnow_m003_a.ukx|edaa2ee38cf0dd9a9a61039b88305d2a|27703
animations/zS_Mmagic_Rabbadon_Mask_ByzSnow_m003_a.ukx|4b401d91ea21ad11ed58a276af77eea1|92410
animations/zS_Mmagic_TopFormal_Cap_Hat_ByzSnow_m003_a.ukx|b4365abe5bc1cbd517c3740a97ae5aae|32233
animations/zS_Morc_Barba_Ruiva_Cap_ByzSnow_m003_a.ukx|6030f28e7ee37c56eb03064bec7b52ea|27701
animations/zS_Morc_Rabbadon_Mask_ByzSnow_m003_a.ukx|d01628150cfdcc2650cb5d1d51bc799e|92408
animations/zS_Morc_TopFormal_Cap_Hat_ByzSnow_m003_a.ukx|189f498a199464c60792d51bead91c1b|32231
animations/zS_Mshaman_Barba_Ruiva_Cap_ByzSnow_m003_a.ukx|ed91ef549c54f079920792a71072db96|27704
animations/zS_Mshaman_Rabbadon_Mask_ByzSnow_m003_a.ukx|89e0e2f3b05d3b42c4af862b549ff75e|92411
animations/zS_Mshaman_TopFormal_Cap_Hat_ByzSnow_m003_a.ukx|00ae162d72a6c51f0d4a02c28ed151a8|32234
maps/Lobby.unr|74141c31d61e4b22ba9b78eebee90870|4273816
staticmeshes/L2_Lobby_Classic.usx|2d0cdbefc504451d7c8f6847b8e6b16d|18711426
system/actionname-e.dat|37110998d6add4393141d8756f964bc0|6832
system/ALAudio.dll|9590218a980ebdf05108f7082092aed4|352276
system/ALAudio.int|8e3ada8225514b27404edf7f5daeb187|2658
system/armorgrp.dat|c82c90bcaa36c2ba4e44a5a6bc6d012f|157232
system/bighead.int|0755820f109e4e61a57bd059820e25cc|350
system/castlename-e.dat|df49308335a994b5f0f571ad2b7c68de|1072
system/chargrp.dat|6618965cc66ad50e20c9474a5b8980f2|2480
system/chatfilter.ini|0a09fe82067356e73cec3da85715e9dc|204
system/classinfo-e.dat|69371027526549d2339817497627b952|2224
system/clientdata.dat|7a03d3fe815cca485a31a3bbe34600f5|432
system/cloak.int|279934be418563b9551c9dc617b7b3a9|454
system/commandname-e.dat|17be5896d14e9e46071153684d232661|1328
system/Core.dll|ccc7f9533c09db3a4c54bbe5fb8c3dd7|1372180
system/core.int|a29b844e91e7b1844ef285132f88b492|3423
system/Core.u|111f3e996329175ee49fca874098b082|65662
system/creditfont.gly|eeaa2c1f4ec24aeaf3efd267a7112f70|181800
system/creditgrp-e.dat|0265c007d4d6344fcf016df62d089fd2|816
system/D3DDrv.dll|aaae646e737878ff0ef8e778ea7b1d7b|1277972
system/defopenal32.dll|7458590edbbe90e4ae3c737dcf90971d|102420
system/drp.u|d3ed26e56ec46c817f3fd10411eb1ff3|100063
system/dsetup.dll|b3257dff8b5fc94610f3616a32354f03|522752
system/Editor.u|5c28caa38edcb2f2eefe2b603100f164|593932
system/encvag.dll|6dbf0a43af72098d969715349ecf4a66|150548
system/engine.dll|c50951582fa0c42116dab1b0694e366a|8794112
system/Engine.int|ccf72022063163634ae9c1baa83b8f26|6700
system/Engine.u|4da7e801aa777651d74d1ca0264578a4|2805259
system/entereventgrp.dat|94407e3df919dc2e1a699dd9b7f207a9|4016
system/entry.dll|0f2c24c437465c107649ce3f5300686d|382976
system/Env.int|7651585575a619fa0a62c68e8ae0382c|5943
system/etcitemgrp.dat|e4f59913e53c79994491e19073580e2e|82864
system/eula-e.dat|2da90d07ebf3c9d522f0ba6b6a01f970|12464
system/Fire.dll|36d6b769b9f45c9d07595d4052128be1|315412
system/Fire.u|2105970f4db940c70b079c6257c3f65e|15491
system/FoxOption.ini|c13f8e391fc3bd8669caa05bcf5b270a|1550
system/FrintessaFX_byNevesOma.u|aa82343bedd4c70012ff2e5b4a91e02d|353608
system/FXAnimEffect.u|14c6f91aa3a80260bc1f9c8ea22c2bfe|179981
system/GameGuard.des|906065a9dd7370c3d68ec9cb7f31677c|153375
system/GamePlay.u|44980323da7508eef331aaa8e1c97ec1|212008
system/gametip-e.dat|f34af3bd60e4dadbc1fa7c487486a033|12976
system/hair.int|59ead59be17c74f1a2264b0bcac2aa19|110933
system/hairaccessarygrp.dat|ab01cf1102dd135e1e34e6bddc0e5351|432
system/hairaccessorylocgrp.dat|268aef3d871ae85fad55f26cbd8b9972|4144
system/hairgrp.dat|307f53160ba0cdd6f8743ec2606504e6|304
system/helmetgrp.dat|b2ad0f74a6187ba90b234f3b11f0111d|432
system/hennagrp-e.dat|ecd0a5b79a0c3351250505b205733ba0|1968
system/huntingzone-e.dat|cdd1ef5cd975cbaa307ca1b59a6ebc1c|5680
system/ifc23.dll|8f90b8112dadca535d717aadc083ca13|233492
system/Interface.u|fbf0fe74afc1985bed015201c26c9b04|2561484
system/interface.xdat|68fdcf8b99d36bdd644a80392d83f050|598096
system/IpDrv.dll|8d7d3f9cb85758a118048eb34de4eb02|491540
system/ipdrv.int|d8751a3966ad3aecaed5989b7320cd1d|1840
system/IpDrv.u|18a3126ff1803d13f3a7231024daa9fd|73703
system/itemname-e.dat|0cf5669d99781734a87b26bece01666e|253744
system/l2.exe|b32d5837482696286d7f67661a63418b|503808
system/l2.ini|56216cda3e61a844444cda7e9c390c17|3376
system/l2.int|7c2214bb8897b513b2297296d8a07500|163
system/L2CompiledShader.bin|4ac38894fa0ea283630bc03cbfe94238|4
system/l2encdec.exe|747fea7011143165a452dd8bbf76f6fb|123392
system/l2forecf.ffe|9533ad072bc7a28319aeffa8f02391df|3516
system/L2FOX_CH3.u|abe03f7a73e400935f687dc07591d429|207819981
system/largefont-e.gly|b4b4cc0b3c1115b1a3f56976abcbeb83|1560
system/largefont.gly|1ec3930c7a85211f15e36ab372ce21ee|185632
system/Lineage2us.ini|852128d0388d0b59845b469aeb1a0eac|371
system/LineageCreature.dll|3b65def4ee8bd8dd6d424db19777235a|131092
system/LineageCreature.u|2a77184260b55f294c0f0ce25e94cb69|12054
system/LineageDeco.u|359eab52d1324212b1a43c521c392867|6752
system/lineageeffect.u|489e6be27d5d46d94d47c75d51edd54e|2004412
system/lineageenv.dll|9a810dfc7a6d43005367450a3f1bbf38|131092
system/lineageenv.u|056a0d8ac0cb7ff654ce5ae04088bc8f|12049
system/LineageMonster.int|83395696ae30407399c65e8cb60c80ad|527907
system/LineageMonster.u|5803113fffeb0ea46bed203986570da7|175625
system/lineagemonster2.int|02e08fab75bbb941befca54e36b34c64|151403
system/LineageMonster2.u|3bff4adf1e5b12e305a473d353dc3ea3|68190
system/LineageMonster3.int|9d9ccfbc20c769c01bd108130d854d93|55710
system/LineageMonster3.u|7c2741abd3314e7a2ad9cb8b7338f5a9|79016
system/LineageNpc.int|225ace969f7122df34df429551322103|103714
system/lineagenpc.u|4dd5484ff1220fb4ea76de94cfce8d17|91687
system/lineagenpc2.int|196df1a1d6e3cdb97d7f4241218ca113|4344
system/lineagenpc2.u|cbd4c32b7a2e2f8027660b8a738c6479|14464
system/LineageNpcAga.int|0ae27a89ca1f53a654f56acdc5c59656|455
system/LineageNpcAga.u|3abfedca5fa9b3c1c7e05b779869b694|660
system/lineagenpcev.u|2190cdf2fd3a53b091dcef5af412e957|12192
system/LineageNPCs_l2Sudamerica03.u|3a3373d90e626bb6ffadcca5490a162f|3330091
system/LineageNPCs_NPC03.u|a2354fc93357f3c4fb035c9f99a6d35f|16302271
system/LineageNPCs_NPC04.u|ac12071ecb97ee8c587a65b2e6d6230d|8064445
system/LineageSkill_batAttack_byNevesOma.u|b1deadf90140d0159d85bc5632616ffb|4250637
system/LineageVehicle.u|4189cdf3dfa677c653e8f8d2961b84b5|9084
system/lineagewarrior.int|3a8991a91af3f87dfc87ea62a5f25f42|193542
system/LineageWarrior.u|d15abb32d3638ac7d1087f4d69fd7252|31540
system/Localization.ini|046ef72ae7022e1b6b0ae55829b79801|3653
system/logongrp.dat|8b24d73727530f0a1cd1a361425ab7d8|304
system/mobskillanimgrp.dat|93f38b5527ad19eaf0627e1e48061cd3|67632
system/msxml4.dll|611696c693fd9c6cedd2c062bd303497|1233940
system/msxml4a.dll|43e1e50227408815436141eba41f17e3|44564
system/msxml4r.dll|d4907bddb0e18bbdc2dc605293ee0d19|82452
system/musicinfo.dat|8ed504f5e74f221a802235f05dc9d4d6|3376
system/nosleep.dll|af55b0a22b7d3fb4f10d8ae73161021f|3072
system/npcgrp.dat|eaf286d94d7ba6933f7b00d95737978e|238256
system/npcname-e.dat|c25ea6f3166607f1dd71b8e9821c78c4|52528
system/npkcrypt.dll|45096bab35a38a6d769b553662d1242f|409700
system/npkcrypt.sys|ba8ebc6eff1adca1df73da9bd987ca6d|23217
system/npkcrypt.vxd|42cee5f434bdb16cdba240f495f67e44|26344
system/npkcusb.sys|edb612e70376aaaa6c5e8e36ba26cdf5|15472
system/npkpdb.dll|0ed5f1d9cbfaf5a7d3d87125511985f1|53268
system/npkscrypt.dll|ee8fa9b49702536562ef6b9213f5f630|859872
system/nwindow.dll|6c4fc560c780f4136af60ca851a740d4|3850260
system/nwindow.u|b38057ca7f1f12e2dce8acfe174dd55c|251512
system/obscene-e.dat|33187e9c63b3ad8daa7034ce291aad21|304
system/ogg.dll|7908c2a0c777fda4ed197b336c176099|51285
system/openal32.dll|f5bf9c01236c5cb0d47f56ad3c7197be|114708
system/Option.ini|41359aa13b77c75f13a938eb2dbde142|1487
system/optiondata_client-e.dat|73ff4b392065b88305393746434a6de5|96176
system/orc.dll|7eb28b49bf9f37e957d4d7c25d949e7c|1396756
system/questname-e.dat|f5ee64804d3dcff1a045bcbef4bb1957|188464
system/raiddata-e.dat|c06bd973cbb307803933039065803ba3|29744
system/recipe-c.dat|384f88a12425300db0cbe00532d72118|23856
system/servername-e.dat|a7fed65e75ba2f934ce3f76fc0c9ab9f|1072
system/skillgrp.dat|914d35867dfabd73593f3665c1d02aa6|160560
system/skillname-e.dat|836e92061b34e993cb046fad67835f9f|296368
system/skillsoundgrp.dat|212435c889dee49d3c728959749401a1|28080
system/smallfont-e.gly|8a2816ab23c849a1d0df8aee04ade129|1560
system/smallfont-pt.gly|895971a31e0ebeb086e75e773fbf11fa|2344
system/smallfont.gly|5fef8409f1b0e0a704e76b4f493b70b1|181800
system/soulshot.int|dcdd60d9e6f0e6d62c6da18c69b5314d|1702
system/staticobject-e.dat|627cc8501dab211258c0d3dc45ac56b8|2480
system/symbolname-e.dat|8ac16fd0c7884fbe03e46e56c4f5148e|304
system/sysstring-e.dat|dc246cd33b7683db8998f7ce5930883c|17840
system/systemmsg-e.dat|5aa266dd944c052c402d3d9f1aa10614|49712
system/s_info.ini|5e0d3b3ec0b5aba508ecea6eb535a8e6|39
system/timeenv0.int|d422fdd277c8700309ee82faa4a7a069|13233
system/timeenv1.int|9ae0ed3fb22d95bf8a0b2f0412a40780|14452
system/timeenv2.int|47597603d505f2611f0ca042e0ce53e5|13322
system/timeenv3.int|4162cbe0b4ca02e1f10851e3d8720e63|14099
system/ttfontinfo.ini|9fd049382b202364f0b0428c0f795f7e|795
system/udebugmenu.u|259d22ebcad7a967d0f96fdf722a8820|263641
system/user.ini|bb2ec73d57c6357e1fd284a8ff6b1dd1|4400
system/UWindow.u|db348cf34a122e30de612838fcce0aa2|693798
system/variationeffectgrp-e.dat|db20b88fecb2c494f34dfeeba5447131|1456
system/viRUS_SkilEff.u|b6d7cf8444d0b8ff3e2de89f7e99b218|12953
system/viRUS_Skill.u|e5b15d24491764c806736cf013bce3af|50661
system/viRUS_SkillEffects.u|532966ef6bf83964146a7786dd7f9637|1409330
system/viRUS_Zaken_Set.u|c84b4396fb3b62378159af6e7394bdec|8519751
system/vorbis.dll|ad0ed82c306cf74a37f9ede2590a1b2d|249876
system/vorbisfile.dll|3aff13dce6f8e005bdf2fbaf621b63f1|106516
system/weapongrp.dat|4b6a9afe9600b9ec70efc509441eaa9e|87216
system/wform.bm|68cf379ef71245e2876b376ede38fa2e|527005
system/Window.dll|d704c883b6806b94c2fcf6d4baf68de7|749588
system/window.int|c0f3e42bf1265986731188cef9fa4863|2337
system/WindowsInfo.ini|aff5117d81b92cb592b364064df32cbf|2912
system/WinDrv.dll|6fe5a097fa3bc65dca28c03375144c2f|630804
system/windrv.int|17988cb0cf32785563cf22e8acfbdcc1|729
system/wrap_oal.dll|a66677c8a556d5356ee70d544b218a71|409620
system/zonename-e.dat|fcc3d5e887b78bbd168febb1098e02d2|6064
system/AntiBypass.dll|9025552f36e877e30735bcc524f935d7|159744
system/AutoLogin.dll|8a5a6608bf6be2f41fe15414ea0e8294|1012224
systextures/ancientwps.utx|54278c8a9beb67fd93cde8c2c1075607|537532
systextures/artifacts.utx|a2bdd9a71f6719fe23d276c86cacca4c|1653390
systextures/Avengers03Ico.utx|a26d3ede6b49325f6f3f33bb25009436|1290512
systextures/bill.utx|40b504e6091491fa378d71e9f4c11fac|4593476
systextures/BlueD.utx|85886e5bc98eb2d9aa530f2540b1f473|722391
systextures/buttons_bs.utx|63db7b53b6559a1a75e686d534767e9c|13203
systextures/cap.utx|705549a298b0eab30eecfadff53ef916|691517
systextures/cartola_by_SHEV.utx|3385a2ee92734514e0539c3198d75f9c|537658
systextures/CoinsbyGaara.utx|1375a98c46263fb2e832f1917b08714c|12702
systextures/costume_t_euro__com.utx|b587b2b52d9049f364b1d9493da81272|126816176
systextures/Crest.utx|2b3cf67c8bb6adac7bc4901717ba247e|68564
systextures/ct1fdarkelf.utx|a2cd9b4c2befa0c0cba164a4e0441ab3|1740843
systextures/ct1fdwarf.utx|4fbaee24b7e06a0829efc5fc9b0dd45a|558898
systextures/ct1felf.utx|f334efd84bb24f6a8accca4a6bb3de80|1937318
systextures/ct1ffighter.utx|5f4c6cbde7124785e88a1cedb6d357a8|1248459
systextures/ct1fmagic.utx|8cdf99eca4faacfe169b4d92bb71b227|558897
systextures/ct1forc.utx|7bf20c43ed3c150c03bda8f8c5a25517|1247840
systextures/ct1fshaman.utx|8d73510d79e9fe5cacb1a8e2a65d48a8|558904
systextures/ct1icon.utx|32872c5af83e2e70d1a7514e26f6b643|205743
systextures/ct1lineageaccessorytex.utx|48fdfe3a858a827d314075b69dd66b85|2670954
systextures/ct1LineageWeaponsTex.utx|a40b0d1c7f2046a05e5c98fcc794fb15|9528751
systextures/ct1mdarkelf.utx|2d95d1905e85d7d9dc1126527766db7d|2894411
systextures/ct1mdwarf.utx|002e6ad0ae4b22af1e0d19680db9cf8d|1087432
systextures/ct1melf.utx|6532ae3728fa3b1e094991143258ac37|2861149
systextures/ct1mfighter.utx|8a25538e0a9329b2aba9824ee02d05ce|2139063
systextures/ct1mmagic.utx|c017e30146c0e998f3fe3bc4662c09fc|988734
systextures/ct1morc.utx|5a936b8f941e59faf8ea81050b2d447d|2104794
systextures/ct1mshaman.utx|b1435930cab05eb31b32340033a6a432|955816
systextures/ct2icon.utx|c6dbbec831d31aa6d4ae38a844bb295c|15296
systextures/ct2LineageWeaponsTex.utx|5f8a52a2bddc807132ccd62e37945e1a|2512156
systextures/CustomAccessoryTex.utx|ce7a836111f62f85a72cfed2b0959c9a|20016094
systextures/customi.utx|869c73c87649d1278737dce39c796446|76682
systextures/customw.utx|691aac0d5d70d93a2889f6f4dc4d0ea6|6299209
systextures/dksskins.utx|82759a7f3f6f5ed44718ae761d228e1f|2669383
systextures/dusks.utx|300c102c60ad0f45275bcd58efeba963|526766
systextures/Elemental.utx|bb88938b083c9f74e9f50209c37d501e|6121575
systextures/epicdrop.utx|0cf43390ff8159b0122c53d1af188f01|1458854
systextures/epicfdarkelf.utx|2601c4d2aa72e52684737b773bea6123|2115457
systextures/epicfdwarf.utx|55d50f465e8270896083428334665d84|2115364
systextures/epicfelf.utx|6d4fc41c8abc9e7b175608858e3fcb3d|3688300
systextures/epicffighter.utx|8c5c133f66883c9d24fc016fb45183ed|1984363
systextures/epicfmagic.utx|c6e101575ec55d2d0571c70d3ded0700|2027931
systextures/epicforc.utx|482fde947704e48b2733c18f052b5b91|6235321
systextures/epicfshaman.utx|3474947b87b624bef1ff43550c8ed34a|6410161
systextures/epicicon.utx|8e2e3a1aa8536e2d9b941511f941a717|13599
systextures/epicmask.utx|617f9f0e359446a027462d4d3eca1c1c|419707
systextures/epicmdarkelf.utx|c1966865dec0b2bf479f87a5a278aa6d|2246557
systextures/epicmdwarf.utx|b99802733a3a29fe1f37d25a382e3f9a|2639740
systextures/epicmelf.utx|e255332071c3495d5d968f2dbb4194c8|3961604
systextures/epicmfighter.utx|f42696051312252a58a97400656cd7e7|4082917
systextures/epicmmagic.utx|2f81da6154a922080ba145114f82ace3|2114824
systextures/epicmorc.utx|95631441516554e940aae8c601c866a8|6060576
systextures/epicmshaman.utx|85146a7075e9d23765c56934f755f713|6235413
systextures/EternalWeapons.utx|0618ce5ab2eb3991f9c8cde1be73c0ee|2374683
systextures/Event1.utx|66ecc6327f135b33f6d6d3fe83c15059|6537
systextures/FDarkelf-v3.utx|7f135bb71464dc5a3d0e93caeac6200f|2892260
systextures/FDwarf-v3.utx|955d027b3a39507321c74118fd2423f1|964749
systextures/FElf-v3.utx|47942dc6d085e004255970cd007b3fb0|2498543
systextures/FFighter-v3.utx|1ae3ef2a7a8f840d159df88d8cbe57fd|1753725
systextures/FMagic-v3.utx|66fb6492066fbe8d18b234a0a6e548ee|920809
systextures/FOrc-v3.utx|634b4a2a068439345c1d7e4d99506a78|1971812
systextures/foxmas.utx|d4e3aaddee58e87e05de7c46de8783e4|8264814
systextures/FoxNews.utx|5f92d102f71996f2e154ce317ff77903|6424
systextures/FoxTex.utx|a6662f4ccb4a568769f0c5b939ca4e44|2315091
systextures/FShaman-v3.utx|70d024a4a27dd18aff96cd8c55b96d1b|964707
systextures/HairAcc2.utx|376383df63029001ce6f0588e2ea7fab|1839387
systextures/halloween.utx|08c2d8c6f2b55cc8b57b106d42351098|2004543
systextures/hallowem_mask_SHEV_Tex.utx|a498b6ca81423be1d5a2fd9e193542c5|25532196
systextures/HallowenIco.utx|3ee50eefa5896ba53921c0002ed0773c|9896
systextures/helmetTex.utx|d7d80e9070634e98fb404792e9893606|9939307
systextures/Helmet_octabis_SHEV_Tex.utx|dd3fdd34e21d2d1a6089d4db93c3ab31|723217
systextures/HoodTex.utx|b77e1ec8d03124c3c194b8f99092c728|1778438
systextures/Horn_Hat_Tex.utx|f1be16674a3746027ac51215e6ba21f5|1492257
systextures/Icon-v3.utx|c2f1f7887b24c743707a9c53f687ca60|111671
systextures/Icon.utx|76ad6f0250522cf92a1810cfc296d73b|2642041
systextures/iconfox-v3.utx|888a20c9bd33725f29d9e6e0495e99f7|9441239
systextures/l2font-pt.utx|6c92e8c25524190ccc726c1ad03e7af8|328361
systextures/icon_acc.utx|ab2721be29c5c26fc34dd095e63195a4|17650
systextures/icon_themega_ru.utx|dc504fcd53c8edb9a85f7a7d32845a44|3093862
systextures/jhonicone.utx|f6aefe554a811a9a54bc2f44d37dc6c1|1261
systextures/JohnScott_Goddess_Hair.utx|bcef8fde07eb260eda5e24f58571cd8c|2457781
systextures/JohnScott_Goddess_Helmet.utx|2cd48ca5cb6abf430ed5616cdd13488d|351209
systextures/kamui_acc.utx|3fe5aedf3f463068116fac7385cd4fca|355299
systextures/KSshield.utx|c9111a41bb8f45f5e661dd5d3316e00d|14844922
systextures/KSshieldIcons.utx|660081fc0420f3ee9da19bb7aac6819d|15234
systextures/ksweapons.utx|05c6031eba59fba81cbf9ad260a3d685|5235905
systextures/kswepicons.utx|11e30082cf36ca627d5d00c4b156f4ea|37597
systextures/l2d.utx|513f29b9604343d8088ab244b7513263|73482814
systextures/L2Font-r.utx|e6c7006cc2bae9862a6b3fd21d89d03f|26514113
systextures/L2Fox.utx|2a67cc7fde2be5e3e46b36f3c414967e|3396156
systextures/L2PvpZone.utx|7c05324620763b72f872aa0c983a59d5|152682
systextures/L2UI_CH3.utx|8b358d2490e129ab45866c8d697cedd8|41068654
systextures/l2ui_ct1.utx|0b8f48be6e78cab11dc8a2f11f11d31d|616
systextures/l2_skilltime.utx|380a88f7a9580de7543865618546a572|433393
systextures/LineageAccessory2Tex2.utx|9bb02ba105ad7d652895e1032baf3127|4995946
systextures/LineageEffectsTextures.utx|264d27fdcb05e3e3d7036780f0ed96a4|54328468
systextures/LineageMonsterFox.utx|b582f4a08fd4aaee16952460c69e2832|1966346
systextures/LineageMonstersTex8.utx|315438a8b3db05ab00a00cf6b157a785|6143402
systextures/LineageMonster_NewStrider.utx|4fa59a012b5c73c8116af532a9dabb9e|7696984
systextures/MDarkelf-v3.utx|0d93b54f17c535ffd1fcb0b30c619d63|2498718
systextures/MDwarf-v3.utx|7ad00c8b53927ded8b873368367ee2ff|964749
systextures/MElf-v3.utx|18b83838695a951dcad038f0748acd79|2498477
systextures/MFighter-v3.utx|500d2973a471283da4e8dc9dd980d135|2059603
systextures/MMagic-v3.utx|91a6d2335bb7f55347b46e42ed8657cd|920809
systextures/MOrc-v3.utx|1d617d2d933a411601ba23b7d328382e|1971813
systextures/MShaman-v3.utx|c322d09ade2c2fc1574c4f3fbbd137f1|964766
systextures/Munch_AgathionTex.utx|981d2612b6ed95d2df4e21cb4ce3315b|10939238
systextures/Munch_DarkKnightTex.utx|48b04176da6cf21f758bdc32b314981e|63649364
systextures/Munch_Hats.utx|f3426b262350f1be3f04aba4a7ca043a|21298408
systextures/Munch_HatsTex.utx|69f07745f7834c59f39aade21ef47db4|661022
systextures/NevesOma_vStick-r_tex.utx|14edb2efc9998230e657bd49836a96ad|2188494
systextures/nw.utx|4913246f9ec0e29a8a40e148531e130d|700479
systextures/nw1.utx|7cc6ed6481649d88aaa58e0805ce86fd|700488
systextures/PirateQueen.utx|fe58a983a62d6f9c90adf7d02cda7db3|3396832
systextures/Redepicdrop.utx|91a461234b4fd3ae51289c9aa82bb1ad|1458850
systextures/Redepicfdarkelf.utx|1df77ee43e23e6f53b2d77c1e2945cdf|1783695
systextures/Redepicfdwarf.utx|fb7899c6fd70bd2d2a1b19f3af8ad41e|1783574
systextures/Redepicfelf.utx|78994acc01a1bf881699b3cbaa7a5f96|3356499
systextures/Redepicffighter.utx|02a2a01b3d339d2c33f03d8efc39e443|1660845
systextures/Redepicfmagic.utx|05eac3aa73233521958f3147af6aa083|1652472
systextures/Redepicforc.utx|77e33576a9a0a49763d400cd760d2e09|5728760
systextures/Redepicfshaman.utx|8a3a9504ebb334420183908ed49d52de|5728838
systextures/Redepicmdarkelf.utx|72b48d35a905bcf0878b12b377f6c7dd|1917624
systextures/Redepicmdwarf.utx|2d96d89c3746fc90ea3b746a38afd4b4|2319100
systextures/Redepicmelf.utx|252efe089627900026e8d9ea5ed4da85|3654884
systextures/Redepicmmagic.utx|a099622f23f0db3e5ed3f92078c40c38|1797143
systextures/Redepicmorc.utx|a8c9d7688733ddcc85299376519b4207|5742777
systextures/Redepicmshaman.utx|1f12bce21f111665cb247c5645491f46|5742850
systextures/Ruthless_weapon_ByCymBals.utx|f75e05f91fd30b6b86e5f23017d890a9|626007
systextures/SHEV_SingleMeshTex.utx|a207d4a9d161441ac4fd4afbfb2a6131|1037809
systextures/skin2.utx|a708c92b05945c89de558389736e7b50|1202
systextures/Skins.utx|99f03080e8d7cc5f36cb20259b0589c5|22885
systextures/sp_256_01.bmp|a72fc674bcf15f7659ed8ae89cb7b95f|308324
systextures/sp_256_02.bmp|b40640bc6ec0c1a8ecc424d59559e506|308324
systextures/sp_256_03.bmp|cff8ff3423d63a03a067e748b64851ba|308324
systextures/sp_256_04.bmp|952232085497b29f5085b9bc9b5519f2|308324
systextures/sp_256_05.bmp|6c2e11250baa72c6f51cfee72e71a00e|308324
systextures/sp_256_06.bmp|bb98f1d9f76c90f7ffefe977b2b37d6b|308324
systextures/sp_256_07.bmp|21fb9d9ee997b534def4fbede31e70f8|308324
systextures/sp_256_08.bmp|f0059e3da236dc7f14df15c990fda467|308324
systextures/sp_256_09.bmp|ce1f8a2930e816c3d8878615ec7077fc|308324
systextures/sp_256_10.bmp|a93f9ca9768fb347bf887297c2ab80e5|308324
systextures/sp_256_11.bmp|5e69aca7c1afbc5c983a8faa1c839ec1|308324
systextures/sp_32b_01.bmp|1137d2aad2df829c51a614c74c9835ce|1228904
systextures/sp_32b_02.bmp|e0f587729941bf5fb11845caf98f3de6|1228904
systextures/sp_32b_03.bmp|1ca7bad0cb591c30b4d9eb0dce388ce6|1228904
systextures/sp_32b_04.bmp|74b83fb7a842c50af0eb65d38d486825|1228904
systextures/sp_32b_05.bmp|3244b1ac3f3a6e4fa6bbe346d134e29b|1228904
systextures/sp_32b_06.bmp|a6ddbbfed42ff434cf468b75ce89413e|1228904
systextures/sp_32b_07.bmp|9fd4198400b9cf738c4d20e78c20910d|1228904
systextures/sp_32b_08.bmp|7030fb6d3afaea80651ba6e11480fd53|1228904
systextures/sp_32b_09.bmp|b87342aca993cea54f6441a01d63fa26|1228904
systextures/sp_32b_10.bmp|4fd2273e5baae07ab9aa92e751cdb9cd|1228904
systextures/sp_32b_11.bmp|16e8f8bddb7e208a0f9d2811e27a29dd|1228904
systextures/straw_SHEV_Tex.utx|d8b4aa4cfd08f86729dc00fcf8e28dfd|548790
systextures/teleport.utx|0f66eeac6f411a7fde6eaf055c9c7f30|1137599
systextures/uniform.utx|b89b6b2e4604a018a6d919905e02be0d|691305
systextures/vesperw3.utx|10318ec19755d9eff61d5fe8e00ecb91|1227774
systextures/Vesper_black_joias.utx|0ed69523290aec978541679f08e0a31e|97497
systextures/VIP.utx|64025e3d452d394288d3716f135ca891|3630
systextures/WariinGBoundSpecterTex.utx|d58749c63d248fbd6817a89c30853d20|7008619
systextures/Weapons_vesper_black.utx|8f925633366dcb46eb722de0d30c0d33|7592306
systextures/xmas.utx|84c7c05535bdf5cd93e3325a6eb4fb6d|335339
systextures/zSnow_News_Hat.utx|971504fc9d0245c55257bc015c97bdc6|1446044
systextures/zSnow_Rabbadon_New.utx|d559bdc08603ed30bf58560b63d0860d|526025
[/files_normal]
